[p.w3layouts.com/demos/payment_form_widget/web/index.html]
[backblue.gif]
[fade.gif]
[index.html]
[p.w3layouts.com/demos/payment_form_widget/web/css/style.css]
[ajax.googleapis.com/ajax/libs/jquery/1.10.2/jquery.min.js]
[p.w3layouts.com/demos/payment_form_widget/web/js/jquery.min.js]
[m.servedby-buysellads.com/monetization.js]
[codefund.io/properties/441/funder.js]
[p.w3layouts.com/js/autotrack.js]
[p.w3layouts.com/images/demobar_w3_4thDec2019.css]
[p.w3layouts.com/demos/payment_form_widget/web/index.html]
[p.w3layouts.com/demos/payment_form_widget/web/js/easyResponsiveTabs.js]
[p.w3layouts.com/demos/payment_form_widget/web/images/1.png]
[p.w3layouts.com/demos/payment_form_widget/web/images/pic2.png]
[p.w3layouts.com/demos/payment_form_widget/web/images/pic3.png]
[p.w3layouts.com/demos/payment_form_widget/web/images/pic1.png]
[p.w3layouts.com/demos/payment_form_widget/web/images/pic4.png]
[p.w3layouts.com/demos/payment_form_widget/web/images/visa.png]
[p.w3layouts.com/demos/payment_form_widget/web/images/11.png]
[p.w3layouts.com/demos/payment_form_widget/web/images/tick-mark1.png]
[p.w3layouts.com/demos/payment_form_widget/web/css/style.css]
[p.w3layouts.com/images/demobar_w3_4thDec2019.css]
[p.w3layouts.com/images/W3Layouts-light.html]
[p.w3layouts.com/assets/css/fonts/linecons/css/linecons.html]
[p.w3layouts.com/assets/css/fonts/fontawesome/css/font-awesome.min.html]
[p.w3layouts.com/assets/css/bootstrap.html]
[p.w3layouts.com/assets/css/xenon-core.html]
[p.w3layouts.com/assets/css/xenon-forms.html]
[p.w3layouts.com/assets/css/xenon-components.html]
[p.w3layouts.com/assets/css/xenon-skins.html]
[p.w3layouts.com/assets/css/custom.html]
[p.w3layouts.com/assets/js/jquery-1.11.1.min.html]
[p.w3layouts.com/assets/js/bootstrap.min.html]
[p.w3layouts.com/assets/js/TweenMax.min.html]
[p.w3layouts.com/assets/js/resizeable.html]
[p.w3layouts.com/assets/js/joinable.html]
[p.w3layouts.com/assets/js/xenon-api.html]
[p.w3layouts.com/assets/js/xenon-toggles.html]
[p.w3layouts.com/images/W3Layouts-light.html]
[p.w3layouts.com/assets/css/fonts/linecons/css/linecons.html]
[p.w3layouts.com/assets/css/fonts/fontawesome/css/font-awesome.min.html]
[p.w3layouts.com/assets/css/bootstrap.html]
[p.w3layouts.com/assets/css/xenon-core.html]
[p.w3layouts.com/assets/css/xenon-forms.html]
[p.w3layouts.com/assets/css/xenon-components.html]
[p.w3layouts.com/assets/css/xenon-skins.html]
[p.w3layouts.com/assets/css/custom.html]
[p.w3layouts.com/assets/js/jquery-1.11.1.min.html]
[p.w3layouts.com/assets/js/bootstrap.min.html]
[p.w3layouts.com/assets/js/TweenMax.min.html]
[p.w3layouts.com/assets/js/resizeable.html]
[p.w3layouts.com/assets/js/joinable.html]
[p.w3layouts.com/assets/js/xenon-api.html]
[p.w3layouts.com/assets/js/xenon-toggles.html]
[p.w3layouts.com/assets/js/xenon-custom.html]
[p.w3layouts.com/assets/js/xenon-custom.html]
